[debug] [2019-10-13T08:12:38.548Z] ----------------------------------------------------------------------
[debug] [2019-10-13T08:12:38.549Z] Command:       C:\Program Files\nodejs\node.exe C:\Users\sramorom\AppData\Roaming\npm\node_modules\firebase-tools\lib\bin\firebase.js serve
[debug] [2019-10-13T08:12:38.550Z] CLI Version:   7.5.0
[debug] [2019-10-13T08:12:38.550Z] Platform:      win32
[debug] [2019-10-13T08:12:38.550Z] Node Version:  v10.15.1
[debug] [2019-10-13T08:12:38.552Z] Time:          Sun Oct 13 2019 10:12:38 GMT+0200 (GMT+02:00)
[debug] [2019-10-13T08:12:38.552Z] ----------------------------------------------------------------------
[debug] 
[debug] [2019-10-13T08:12:38.563Z] > command requires scopes: ["email","openid","https://www.googleapis.com/auth/cloudplatformprojects.readonly","https://www.googleapis.com/auth/firebase","https://www.googleapis.com/auth/cloud-platform"]
[debug] [2019-10-13T08:12:38.564Z] > authorizing via signed-in user
[debug] [2019-10-13T08:12:38.564Z] [iam] checking project acollida-bcn for permissions ["firebase.projects.get"]
[debug] [2019-10-13T08:12:38.566Z] > refreshing access token with scopes: ["email","https://www.googleapis.com/auth/cloud-platform","https://www.googleapis.com/auth/cloudplatformprojects.readonly","https://www.googleapis.com/auth/firebase","openid"]
[debug] [2019-10-13T08:12:38.566Z] >>> HTTP REQUEST POST https://www.googleapis.com/oauth2/v3/token  
 <request body omitted>
[debug] [2019-10-13T08:12:39.138Z] <<< HTTP RESPONSE 200
[debug] [2019-10-13T08:12:39.156Z] >>> HTTP REQUEST POST https://cloudresourcemanager.googleapis.com/v1/projects/acollida-bcn:testIamPermissions  

[debug] [2019-10-13T08:12:40.430Z] <<< HTTP RESPONSE 200
[debug] [2019-10-13T08:12:40.434Z] >>> HTTP REQUEST GET https://firebase.googleapis.com/v1beta1/projects/acollida-bcn  
 
[debug] [2019-10-13T08:12:41.043Z] <<< HTTP RESPONSE 200
[info] 
[info] === Serving from 'C:\Users\sramorom\Documents\Vue.js\ejercicios-juanWmedia\acollida-bcn'...
[info] 
[debug] [2019-10-13T08:12:41.064Z] >>> HTTP REQUEST GET https://firebase.googleapis.com/v1beta1/projects/acollida-bcn/webApps/-/config  
 
[debug] [2019-10-13T08:12:41.657Z] <<< HTTP RESPONSE 200
[info] i  hosting: Serving hosting files from: dist
[info] +  hosting: Local server: http://localhost:5000
[warn] !  Your requested "node" version "8" doesn't match your global version "10"
[info] +  functions: Emulator started at http://localhost:5001
[info] i  functions: Watching "C:\Users\sramorom\Documents\Vue.js\ejercicios-juanWmedia\acollida-bcn\functions" for Cloud Functions...
[debug] [2019-10-13T08:12:43.154Z] [runtime-status] Functions runtime initialized. {"cwd":"C:\\Users\\sramorom\\Documents\\Vue.js\\ejercicios-juanWmedia\\acollida-bcn\\functions","node_version":"10.15.1"}
[debug] [2019-10-13T08:12:43.155Z] [runtime-status] Disabled runtime features: {"functions_config_helper":true,"network_filtering":true,"timeout":true,"memory_limiting":true,"admin_stubs":true} {}
[debug] [2019-10-13T08:12:43.164Z] [runtime-status] Resolved module firebase-admin {"declared":true,"installed":true,"version":"8.6.0","resolution":"C:\\Users\\sramorom\\Documents\\Vue.js\\ejercicios-juanWmedia\\acollida-bcn\\functions\\node_modules\\firebase-admin\\lib\\index.js"}
[debug] [2019-10-13T08:12:43.167Z] [runtime-status] Resolved module firebase-functions {"declared":true,"installed":true,"version":"3.3.0","resolution":"C:\\Users\\sramorom\\Documents\\Vue.js\\ejercicios-juanWmedia\\acollida-bcn\\functions\\node_modules\\firebase-functions\\lib\\index.js"}
[debug] [2019-10-13T08:12:43.169Z] [runtime-status] Resolved module firebase-functions {"declared":true,"installed":true,"version":"3.3.0","resolution":"C:\\Users\\sramorom\\Documents\\Vue.js\\ejercicios-juanWmedia\\acollida-bcn\\functions\\node_modules\\firebase-functions\\lib\\index.js"}
[warn] !  Error: Cannot find module 'C:\Users\sramorom\Documents\Vue.js\ejercicios-juanWmedia\acollida-bcn\functions'
    at Function.Module._resolveFilename (internal/modules/cjs/loader.js:581:15)
    at Function.Module._load (internal/modules/cjs/loader.js:507:25)
    at Module.require (internal/modules/cjs/loader.js:637:17)
    at require (internal/modules/cjs/helpers.js:22:18)
    at C:\Users\sramorom\AppData\Roaming\npm\node_modules\firebase-tools\lib\emulator\functionsEmulatorRuntime.js:677:33
    at Generator.next (<anonymous>)
    at fulfilled (C:\Users\sramorom\AppData\Roaming\npm\node_modules\firebase-tools\lib\emulator\functionsEmulatorRuntime.js:4:58)
    at process._tickCallback (internal/process/next_tick.js:68:7)
    at Function.Module.runMain (internal/modules/cjs/loader.js:745:11)
    at startup (internal/bootstrap/node.js:283:19)
[warn] !  We were unable to load your functions code. (see above)
   - It appears your code is written in Typescript, which must be compiled before emulation.
   - You may be able to run "npm run build" in your functions directory to resolve this.
